#
# A fatal error has been detected by the Java Runtime Environment:
#
#  EXCEPTION_ACCESS_VIOLATION (0xc0000005) at pc=0x00007ffbf7fe4c00, pid=5016, tid=14516
#
# JRE version: OpenJDK Runtime Environment (26.0+35) (build 26+35-2893)
# Java VM: OpenJDK 64-Bit Server VM (26+35-2893, mixed mode, emulated-client, sharing, tiered, compressed oops, compressed class ptrs, g1 gc, windows-amd64)
# Problematic frame:
# V  [jvm.dll+0x3c4c00]
#
# No core dump will be written. Minidumps are not enabled by default on client versions of Windows
#
# If you would like to submit a bug report, please visit:
#   https://bugreport.java.com/bugreport/crash.jsp
#

---------------  S U M M A R Y ------------

Command Line: -XX:TieredStopAtLevel=1 -Dspring.output.ansi.enabled=always -javaagent:C:\Program Files\JetBrains\IntelliJ IDEA 2026.1\lib\idea_rt.jar=53197 -Dfile.encoding=UTF-8 -Dsun.stdout.encoding=UTF-8 -Dsun.stderr.encoding=UTF-8 com.example.demo.DemoApplication

Host: Intel(R) Core(TM) i5-1035G1 CPU @ 1.00GHz, 8 cores, 19G,  Windows 11 , 64 bit Build 26100 (10.0.26100.7705)
Time: Sat May 30 17:23:03 2026 India Standard Time elapsed time: 2.695197 seconds (0d 0h 0m 2s)

---------------  T H R E A D  ---------------

Current thread (0x00000239534f97e0):  WorkerThread "GC Thread#5"    [id=14516, stack(0x0000007656700000,0x0000007656800000) (1024K)]

Stack: [0x0000007656700000,0x0000007656800000],  sp=0x00000076567ff2f8,  free space=1020k
Native frames: (J=compiled Java code, j=interpreted, Vv=VM code, C=native code)
V  [jvm.dll+0x3c4c00]  (no source info available)


siginfo: EXCEPTION_ACCESS_VIOLATION (0xc0000005), reading address 0x000000002e000008


Registers:
RAX=0x0000000000000000, RBX=0x0000000000183158, RCX=0x00000006c5df44b8, RDX=0x000000002e000000
RSP=0x00000076567ff2f8, RBP=0x00000076567ff380, RSI=0x00000239396dc2a0, RDI=0x000000002e000000
R8 =0x00000006c5df44b8, R9 =0x0000000000183158, R10=0x0000000000000000, R11=0x0000000000000000
R12=0x00000076567ff3e0, R13=0x0000023953bc1e90, R14=0x0000000000000568, R15=0x00000006c5df44b8
RIP=0x00007ffbf7fe4c00, EFLAGS=0x0000000000010206

XMM[0]=0x00000000001c1eb0 0x0000000000000009
XMM[1]=0x00000000d8b90657 0x0000000000000000
XMM[2]=0x42656c6261747369 0x4c656c6261727567
XMM[3]=0x2f67726f4c3c7473 0x694c2f6c6974752f
XMM[4]=0x612f6574616e7265 0x6269682f746f6f62
XMM[5]=0x0000000000000000 0x00000000d8b90657
XMM[6]=0x0000000000000000 0x0000000000000000
XMM[7]=0x0000000000000000 0x0000000000000000
XMM[8]=0x0000000000000000 0x0000000000000000
XMM[9]=0x0000000000000000 0x0000000000000000
XMM[10]=0x0000000000000000 0x0000000000000000
XMM[11]=0x0000000000000000 0x0000000000000000
XMM[12]=0x0000000000000000 0x0000000000000000
XMM[13]=0x0000000000000000 0x0000000000000000
XMM[14]=0x0000000000000000 0x0000000000000000
XMM[15]=0x0000000000000000 0x0000000000000000
  MXCSR=0x00001fa0


Register to memory mapping:

RAX=0x0 is null
RBX=0x0000000000183158 is an unknown value
RCX=
[error occurred during error reporting (printing register info), id 0xc0000005, EXCEPTION_ACCESS_VIOLATION (0xc0000005) at pc=0x00007ffbf7fe4c00]
RDX=0x000000002e000000 points into nKlass protection zone
RSP=0x00000076567ff2f8 points into unknown readable memory: 0x00007ffbf802a86e | 6e a8 02 f8 fb 7f 00 00
RBP=0x00000076567ff380 points into unknown readable memory: 0x0000000000000040 | 40 00 00 00 00 00 00 00
RSI=0x00000239396dc2a0 points into unknown readable memory: 0x0000000000000000 | 00 00 00 00 00 00 00 00
RDI=0x000000002e000000 points into nKlass protection zone
R8 =
[error occurred during error reporting (printing register info, attempt 2), id 0xc0000005, EXCEPTION_ACCESS_VIOLATION (0xc0000005) at pc=0x00007ffbf7fe4c00]
R9 =0x0000000000183158 is an unknown value
R10=0x0 is null
R11=0x0 is null
R12=0x00000076567ff3e0 points into unknown readable memory: 0x0000023953000001 | 01 00 00 53 39 02 00 00
R13=0x0000023953bc1e90 points into unknown readable memory: 0x00007ffbf8760430 | 30 04 76 f8 fb 7f 00 00
R14=0x0000000000000568 is an unknown value
R15=
[error occurred during error reporting (printing register info, attempt 3), id 0xc0000005, EXCEPTION_ACCESS_VIOLATION (0xc0000005) at pc=0x00007ffbf7fe4c00]
Top of Stack: (sp=0x00000076567ff2f8)
0x00000076567ff2f8:   00007ffbf802a86e 0000000000000000   n...............
0x00000076567ff308:   000000002f07c3a0 00000076567ff380   .../.......Vv...
0x00000076567ff318:   00000006c774e150 0000000000000001   P.t.............
0x00000076567ff328:   0000000000000000 000000000000ff00   ................
0x00000076567ff338:   00007ffbf8028c0e 0000000000000001   ................
0x00000076567ff348:   00007ffbf8028c0e 0000023900000000   ............9...
0x00000076567ff358:   0000000000000003 0000000000000018   ................
0x00000076567ff368:   0000000000000018 0000023953fd7ef0   .........~.S9...
0x00000076567ff378:   00007ffbf802aebf 0000000000000040   ........@.......
0x00000076567ff388:   00000239396c0bf0 0000000000000000   ..l99...........
0x00000076567ff398:   0000023953bc1e90 00000076567ff460   ...S9...`..Vv...
0x00000076567ff3a8:   00007ffbf8028d18 00000239396dc2a0   ..........m99...
0x00000076567ff3b8:   0000000000000009 0000000000000568   ........h.......
0x00000076567ff3c8:   00000006c774e190 00000006c774e191   ..t.......t.....
0x00000076567ff3d8:   00007ffbf802bdab 0000023953000001   ...........S9...
0x00000076567ff3e8:   0000023953bc1e90 00000076567ff460   ...S9...`..Vv...
0x00000076567ff3f8:   00007ffbf802957f 000000002e1fcc40   ........@.......
0x00000076567ff408:   000000000000ff00 00000006c408c548   ........H.......
0x00000076567ff418:   00007ffbf8031732 00000006c408c454   2.......T.......
0x00000076567ff428:   00007ffbf80316ea 00000006c408c618   ................
0x00000076567ff438:   00007ffbf83f07ef 00000076567ff4c0   ..?........Vv...
0x00000076567ff448:   00007ffbf803291d 00000076567ff520   .)...... ..Vv...
0x00000076567ff458:   00007ffbf803ff00 00000076567ff6d0   ...........Vv...
0x00000076567ff468:   00000076567ff600 0000000000000000   ...Vv...........
0x00000076567ff478:   00000006c408c618 0000000000000013   ................
0x00000076567ff488:   0000023953bc1e90 00000076567ff590   ...S9......Vv...
0x00000076567ff498:   00007ffbf80280ef 00000006c408c600   ................
0x00000076567ff4a8:   00000006c4000000 00000006c4078000   ................
0x00000076567ff4b8:   0000000000000740 00000000019a4072   @.......r@......
0x00000076567ff4c8:   00000000bd3d2c6d 0000000000000000   m,=.............
0x00000076567ff4d8:   000002393975bc50 00000076567ff5d0   P.u99......Vv...
0x00000076567ff4e8:   00007ffbf8038128 00000076567ff600   (..........Vv...

Instructions: (pc=0x00007ffbf7fe4c00)
  0x00007ffbf7fe4b00:   1d 41 b1 01 4c 8b c7 48 8b d6 48 8b cb e8 1e 5b
  0x00007ffbf7fe4b10:   03 00 4c 8d 0c fd 00 00 00 00 48 89 73 20 48 8b
  0x00007ffbf7fe4b20:   74 24 38 48 8b 7b 08 48 8b 4b 10 48 2b f9 49 03
  0x00007ffbf7fe4b30:   f9 49 8b 0e 48 8b d3 4c 8b 41 10 49 8b ce 41 ff
  0x00007ffbf7fe4b40:   d0 48 8b 5c 24 40 48 8b c7 48 8b 7c 24 48 48 83
  0x00007ffbf7fe4b50:   c4 20 41 5e c3 cc cc cc cc cc cc cc cc cc cc cc
  0x00007ffbf7fe4b60:   40 53 48 83 ec 20 4c 8b 42 10 4c 8d 4c 24 30 4c
  0x00007ffbf7fe4b70:   2b 41 28 48 8b d9 0f b6 41 38 4c 2b 02 48 8b 0d
  0x00007ffbf7fe4b80:   4c 6b 9e 00 c6 44 24 30 00 88 44 24 31 c6 44 24
  0x00007ffbf7fe4b90:   32 00 e8 b9 22 01 00 48 c7 43 28 00 00 00 00 48
  0x00007ffbf7fe4ba0:   83 c4 20 5b c3 cc cc cc cc cc cc cc cc cc cc cc
  0x00007ffbf7fe4bb0:   4c 8b 42 10 4c 2b 02 48 8b 0d 12 6b 9e 00 e9 1d
  0x00007ffbf7fe4bc0:   23 01 00 cc cc cc cc cc cc cc cc cc cc cc cc cc
  0x00007ffbf7fe4bd0:   48 8b 42 10 48 2b 02 ff 41 10 48 89 41 28 48 89
  0x00007ffbf7fe4be0:   51 08 c3 cc cc cc cc cc cc cc cc cc cc cc cc cc
  0x00007ffbf7fe4bf0:   48 89 0d d9 6a 9e 00 48 89 15 da 6a 9e 00 c3 cc
=>0x00007ffbf7fe4c00:   44 8b 4a 08 4c 8b c2 45 85 c9 7e 0e 41 f6 c1 01
  0x00007ffbf7fe4c10:   75 46 41 c1 f9 03 49 63 c1 c3 79 3c 8b 05 96 22
  0x00007ffbf7fe4c20:   98 00 ff c8 4c 63 c0 48 63 05 4a ac a1 00 48 63
  0x00007ffbf7fe4c30:   14 08 41 8b c9 48 d3 e2 41 8b c1 48 c1 f8 10 0f
  0x00007ffbf7fe4c40:   b6 c0 49 8d 0c 10 49 f7 d0 48 03 c1 49 c1 e8 03
  0x00007ffbf7fe4c50:   48 c1 e8 03 49 23 c0 c3 48 8b 02 48 8b d1 49 8b
  0x00007ffbf7fe4c60:   c8 48 ff a0 08 01 00 00 cc cc cc cc cc cc cc cc
  0x00007ffbf7fe4c70:   4c 8b 41 08 33 d2 48 8b 05 5b 6a 9e 00 4c 3b c0
  0x00007ffbf7fe4c80:   4c 0f 44 c2 4d 85 c0 74 07 49 8b 50 10 49 2b 10
  0x00007ffbf7fe4c90:   48 8b 41 30 48 85 c0 74 0c 48 8b 48 10 48 2b 08
  0x00007ffbf7fe4ca0:   48 8d 04 11 c3 48 8b c2 c3 cc cc cc cc cc cc cc
  0x00007ffbf7fe4cb0:   48 89 4c 24 08 48 89 54 24 10 4c 89 44 24 18 4c
  0x00007ffbf7fe4cc0:   89 4c 24 20 48 83 ec 28 4c 8b c1 4c 8d 4c 24 38
  0x00007ffbf7fe4cd0:   48 8d 0d 79 6a 9e 00 ba 01 00 00 00 e8 bf 55 31
  0x00007ffbf7fe4ce0:   00 48 83 c4 28 c3 cc cc cc cc cc cc cc cc cc cc
  0x00007ffbf7fe4cf0:   48 89 4c 24 08 48 89 54 24 10 4c 89 44 24 18 4c


Stack slot to memory mapping:

stack at sp + 0 slots: 0x00007ffbf802a86e jvm.dll
stack at sp + 1 slots: 0x0 is null
stack at sp + 2 slots: 0x000000002f07c3a0 is a pointer to class: 
org.springframework.util.ConcurrentReferenceHashMap$Entry {0x000000002f07c3a8}
 - instance size:     3
 - klass size:        74
 - access:            public final synchronized 
 - flags:             rewritten has_nonstatic_fields should_verify_class defined_by_app_loader has_localvariable_table 
 - state:             fully_initialized
 - name:              'org/springframework/util/ConcurrentReferenceHashMap$Entry'
 - super:             'java/lang/Object'
 - sub:               
 - arrays:            null
 - methods:           Array<T>(0x000002394f573c00)
 - method ordering:   Array<T>(0x000000002e7230b8)
 - local interfaces:  Array<T>(0x000002394f573bb8)
 - trans. interfaces: Array<T>(0x000002394f573bb8)
 - secondary supers: Array<T>(0x000002394f573bb8)
 - hash_slot:         5
 - secondary bitmap: 0x0000000800000000
 - constants:         constant pool [103]/BSMs[3] {0x000002394f5737e0} for 'org/springframework/util/ConcurrentReferenceHashMap$Entry' cache=0x000002394f576418
 - class loader data:  loader data: 0x000002394ec62dc0 for instance a 'jdk/internal/loader/ClassLoaders$AppClassLoader'{0x00000007ff800f30}
 - source file:       'ConcurrentReferenceHashMap.java'
 - field type annotations:  Array<T>(0x000002394f573bd8)
 - generic signature: '<K:Ljava/lang/Object;V:Ljava/lang/Object;>Ljava/lang/Object;Ljava/util/Map$Entry<TK;TV;>;'
 - inner classes:     Array<T>(0x000002394f576278)
 - nest members:     Array<T>(0x000000002e6a2c08)
 - permitted subclasses:     Array<T>(0x000000002e6a2c08)
 - java mirror:       a 'java/lang/Class'{0x00000007ff732010} = 'org/springframework/util/ConcurrentReferenceHashMap$Entry'
 - vtable length      5  (start addr: 0x000000002f07c578)
 - itable length      9 (start addr: 0x000000002f07c5a0)
 - ---- static fields (0 words):
 - ---- non-static fields (2 words):
 - private final 'key' 'Ljava/lang/Object;' @12 
 - private volatile 'value' 'Ljava/lang/Object;' @16 
 - non-static oop maps (1 entries): 12-16 
stack at sp + 3 slots: 0x00000076567ff380 points into unknown readable memory: 0x0000000000000040 | 40 00 00 00 00 00 00 00
stack at sp + 4 slots: 0x00000006c774e150 is an oop: org.springframework.util.ConcurrentReferenceHashMap$SoftEntryReference 
{0x00000006c774e150} - klass: 'org/springframework/util/ConcurrentReferenceHashMap$SoftEntryReference' - flags: 

 - ---- fields (total size 6 words):
 - private 'referent' 'Ljava/lang/Object;' @12  a 'org/springframework/util/ConcurrentReferenceHashMap$Entry'{0x00000006c774e180} (0xd8ee9c30)
 - volatile 'queue' 'Ljava/lang/ref/ReferenceQueue;' @16  a 'java/lang/ref/ReferenceQueue'{0x00000006c408ae58} (0xd88115cb)
 - volatile 'next' 'Ljava/lang/ref/Reference;' @20  null (0x00000000)
 - private transient 'discovered' 'Ljava/lang/ref/Reference;' @24  null (0x00000000)
 - private 'timestamp' 'J' @32  1585496 (0x0000000000183158)
 - private final 'hash' 'I' @28  1769134461 (0x6972d97d)
 - private final 'nextReference' 'Lorg/springframework/util/ConcurrentReferenceHashMap$Reference;' @40  null (0x00000000)
stack at sp + 5 slots: 0x0000000000000001 is an unknown value
stack at sp + 6 slots: 0x0 is null
stack at sp + 7 slots: 0x000000000000ff00 is an unknown value


---------------  P R O C E S S  ---------------

Threads class SMR info:
_java_thread_list=0x0000023954afb130, length=15, elements={
0x00000239396bdd70, 0x000002394ebd5d30, 0x000002394ebd71b0, 0x000002394ebd8ef0,
0x000002394ebda220, 0x000002394ebdbaa0, 0x000002394ebe3470, 0x000002394ebf0f30,
0x000002394ec83190, 0x00000239530cf230, 0x0000023953544e50, 0x0000023953545e10,
0x0000023953bd3880, 0x00000239541a5880, 0x0000023953efbaa0
}

Java Threads: ( => current thread )
  0x00000239396bdd70 JavaThread "main"                              [_thread_blocked, id=1812, stack(0x0000007654d00000,0x0000007654e00000) (1024K)]
  0x000002394ebd5d30 JavaThread "Reference Handler"          daemon [_thread_blocked, id=11536, stack(0x0000007655600000,0x0000007655700000) (1024K)]
  0x000002394ebd71b0 JavaThread "Finalizer"                  daemon [_thread_blocked, id=2268, stack(0x0000007655700000,0x0000007655800000) (1024K)]
  0x000002394ebd8ef0 JavaThread "Signal Dispatcher"          daemon [_thread_blocked, id=16188, stack(0x0000007655800000,0x0000007655900000) (1024K)]
  0x000002394ebda220 JavaThread "Attach Listener"            daemon [_thread_blocked, id=10716, stack(0x0000007655900000,0x0000007655a00000) (1024K)]
  0x000002394ebdbaa0 JavaThread "Service Thread"             daemon [_thread_blocked, id=11464, stack(0x0000007655a00000,0x0000007655b00000) (1024K)]
  0x000002394ebe3470 JavaThread "Monitor Deflation Thread"   daemon [_thread_blocked, id=14332, stack(0x0000007655b00000,0x0000007655c00000) (1024K)]
  0x000002394ebf0f30 JavaThread "C1 CompilerThread0"         daemon [_thread_blocked, id=7132, stack(0x0000007655c00000,0x0000007655d00000) (1024K)]
  0x000002394ec83190 JavaThread "C1 CompilerThread1"         daemon [_thread_blocked, id=14808, stack(0x0000007655d00000,0x0000007655e00000) (1024K)]
  0x00000239530cf230 JavaThread "Common-Cleaner"             daemon [_thread_blocked, id=12800, stack(0x0000007655e00000,0x0000007655f00000) (1024K)]
  0x0000023953544e50 JavaThread "Monitor Ctrl-Break"         daemon [_thread_in_native, id=16696, stack(0x0000007656100000,0x0000007656200000) (1024K)]
  0x0000023953545e10 JavaThread "Notification Thread"        daemon [_thread_blocked, id=1720, stack(0x0000007656200000,0x0000007656300000) (1024K)]
  0x0000023953bd3880 JavaThread "C1 CompilerThread2"         daemon [_thread_blocked, id=5076, stack(0x0000007656300000,0x0000007656400000) (1024K)]
  0x00000239541a5880 JavaThread "C1 CompilerThread3"         daemon [_thread_blocked, id=15684, stack(0x0000007656a00000,0x0000007656b00000) (1024K)]
  0x0000023953efbaa0 JavaThread "mysql-cj-abandoned-connection-cleanup" daemon [_thread_blocked, id=14720, stack(0x0000007656800000,0x0000007656900000) (1024K)]
Total: 15

Other Threads:
  0x000002394ebc59c0 VMThread "VM Thread"                           [id=16300, stack(0x0000007655500000,0x0000007655600000) (1024K)]
  0x000002394ebb72a0 WatcherThread "VM Periodic Task Thread"        [id=12100, stack(0x0000007655400000,0x0000007655500000) (1024K)]
  0x000002393970efb0 WorkerThread "GC Thread#0"                     [id=11904, stack(0x0000007654e00000,0x0000007654f00000) (1024K)]
  0x0000023953248570 WorkerThread "GC Thread#1"                     [id=16784, stack(0x0000007655f00000,0x0000007656000000) (1024K)]
  0x00000239534f6420 WorkerThread "GC Thread#2"                     [id=5840, stack(0x0000007656400000,0x0000007656500000) (1024K)]
  0x00000239534f86a0 WorkerThread "GC Thread#3"                     [id=7752, stack(0x0000007656500000,0x0000007656600000) (1024K)]
  0x00000239534f8f40 WorkerThread "GC Thread#4"                     [id=6620, stack(0x0000007656600000,0x0000007656700000) (1024K)]
=>0x00000239534f97e0 WorkerThread "GC Thread#5"                     [id=14516, stack(0x0000007656700000,0x0000007656800000) (1024K)]
  0x00000239534f9390 WorkerThread "GC Thread#6"                     [id=9440, stack(0x0000007656900000,0x0000007656a00000) (1024K)]
  0x00000239534f7560 WorkerThread "GC Thread#7"                     [id=13956, stack(0x0000007656b00000,0x0000007656c00000) (1024K)]
  0x0000023939721070 ConcurrentGCThread "G1 Main Marker"            [id=1132, stack(0x0000007654f00000,0x0000007655000000) (1024K)]
  0x0000023939722390 WorkerThread "G1 Conc#0"                       [id=12236, stack(0x0000007655000000,0x0000007655100000) (1024K)]
  0x00000239534f8250 WorkerThread "G1 Conc#1"                       [id=8136, stack(0x0000007656000000,0x0000007656100000) (1024K)]
  0x000002393975f5d0 WorkerThread "G1 Refinement Workers#0"         [id=7680, stack(0x0000007655200000,0x0000007655300000) (1024K)]
  0x000002393975ea10 ConcurrentGCThread "G1 Refine Control"         [id=13608, stack(0x0000007655100000,0x0000007655200000) (1024K)]
  0x0000023939762da0 ConcurrentGCThread "G1 Service"                [id=5524, stack(0x0000007655300000,0x0000007655400000) (1024K)]
Total: 16

Threads with active compile tasks:
Total: 0

VM state: at safepoint (normal execution)

VM Mutex/Monitor currently owned by a thread:  ([mutex/lock_event])
[0x00007ffbf89fed08] Threads_lock - owner thread: 0x000002394ebc59c0
[0x00007ffbf89fef88] Heap_lock - owner thread: 0x00000239396bdd70

Heap address: 0x00000006c4000000, size: 5056 MB, Compressed Oops mode: Zero based, Oop shift amount: 3

CDS archive(s) mapped at: [0x000000002e000000-0x000000002ede0000-0x000000002ede0000), size 14548992, SharedBaseAddress: 0x000000002e000000, ArchiveRelocationMode: 1.
Compressed class space mapped at: 0x000000002f000000-0x000000006f000000, reserved size: 1073741824
UseCompressedClassPointers 1, UseCompactObjectHeaders 0
Narrow klass pointer bits 32, Max shift 3
Narrow klass base: 0x000000002e000000, Narrow klass shift: 0
Encoding Range: [0x000000002e000000 - 0x000000012e000000), (4294967296 bytes)
Klass Range:    [0x000000002e000000 - 0x000000006f000000), (1090519040 bytes)
Klass ID Range:  [8 - 1090519033) (1090519025)
Protection zone: [0x000000002e000000 - 0x000000002e010000), (65536 bytes)

GC Precious Log:
 CardTable entry size: 512
 Card Set container configuration: InlinePtr #cards 4 size 8 Array Of Cards #cards 32 size 80 Howl #buckets 8 coarsen threshold 7372 Howl Bitmap #cards 1024 size 144 coarsen threshold 921 Card regions per heap region 1 cards per card region 8192
 CPUs: 8 total, 8 available
 Memory: 20217M
 Large Page Support: Disabled
 NUMA Support: Disabled
 Compressed Oops: Enabled (Zero based)
 Heap Region Size: 4M
 Heap Min Capacity: 8M
 Heap Initial Capacity: 8M
 Heap Max Capacity: 5056M
 Pre-touch: Disabled
 Parallel Workers: 8
 Concurrent Workers: 2
 Concurrent Refinement Workers: 8
 Periodic GC: Disabled

Heap:
 garbage-first heap   total reserved 5177344K, committed 81920K, used 38243K [0x00000006c4000000, 0x0000000800000000)
  region size 4M, 4 eden (16M), 2 survivor (8M), 4 old (16M), 0 humongous (0M), 8 free (32M)

Heap Regions: E=young(eden), S=young(survivor), O=old, HS=humongous(starts), HC=humongous(continues), CS=collection set, F=free, TAMS=top-at-mark-start, PB=parsable bottom
|    0|0x00000006c4000000, 0x00000006c4400000, 0x00000006c4400000|100%| O|  |TAMS 0x00000006c4400000| PB 0x00000006c4000000| Untracked |  0
|    1|0x00000006c4400000, 0x00000006c4800000, 0x00000006c4800000|100%| O|  |TAMS 0x00000006c4800000| PB 0x00000006c4400000| Untracked |  0
|    2|0x00000006c4800000, 0x00000006c4be6070, 0x00000006c4c00000| 97%| O|  |TAMS 0x00000006c4be6070| PB 0x00000006c4800000| Untracked |  0
|    3|0x00000006c4c00000, 0x00000006c4c00000, 0x00000006c5000000|  0%| F|  |TAMS 0x00000006c4c00000| PB 0x00000006c4c00000| Untracked |  0
|    4|0x00000006c5000000, 0x00000006c5000000, 0x00000006c5400000|  0%| F|  |TAMS 0x00000006c5000000| PB 0x00000006c5000000| Untracked |  0
|    5|0x00000006c5400000, 0x00000006c5400000, 0x00000006c5800000|  0%| F|  |TAMS 0x00000006c5400000| PB 0x00000006c5400000| Untracked |  0
|    6|0x00000006c5800000, 0x00000006c5800000, 0x00000006c5c00000|  0%| F|  |TAMS 0x00000006c5800000| PB 0x00000006c5800000| Untracked |  0
|    7|0x00000006c5c00000, 0x00000006c5f42930, 0x00000006c6000000| 81%| E|CS|TAMS 0x00000006c5c00000| PB 0x00000006c5c00000| Complete  |  0
|    8|0x00000006c6000000, 0x00000006c6000000, 0x00000006c6400000|  0%| F|  |TAMS 0x00000006c6000000| PB 0x00000006c6000000| Untracked |  0
|    9|0x00000006c6400000, 0x00000006c6400000, 0x00000006c6800000|  0%| F|  |TAMS 0x00000006c6400000| PB 0x00000006c6400000| Untracked |  0
|   10|0x00000006c6800000, 0x00000006c6800000, 0x00000006c6c00000|  0%| F|  |TAMS 0x00000006c6800000| PB 0x00000006c6800000| Untracked |  0
|   11|0x00000006c6c00000, 0x00000006c6c00000, 0x00000006c7000000|  0%| F|  |TAMS 0x00000006c6c00000| PB 0x00000006c6c00000| Untracked |  0
|   12|0x00000006c7000000, 0x00000006c70a3770, 0x00000006c7400000| 15%| S|  |TAMS 0x00000006c7000000| PB 0x00000006c7000000| Untracked |  0
|   13|0x00000006c7400000, 0x00000006c7800000, 0x00000006c7800000|100%| S|  |TAMS 0x00000006c7400000| PB 0x00000006c7400000| Untracked |  0
|   14|0x00000006c7800000, 0x00000006c7a305a0, 0x00000006c7c00000| 54%| E|CS|TAMS 0x00000006c7800000| PB 0x00000006c7800000| Complete  |  0
|   15|0x00000006c7c00000, 0x00000006c8000000, 0x00000006c8000000|100%| E|CS|TAMS 0x00000006c7c00000| PB 0x00000006c7c00000| Complete  |  0
|   16|0x00000006c8000000, 0x00000006c8400000, 0x00000006c8400000|100%| E|CS|TAMS 0x00000006c8000000| PB 0x00000006c8000000| Complete  |  0
| 1261|0x00000007ff400000, 0x00000007ff800000, 0x00000007ff800000|100%| O|  |TAMS 0x00000007ff800000| PB 0x00000007ff400000| Untracked |  0
| 1262|0x00000007ff800000, 0x00000007ffc00000, 0x00000007ffc00000|100%| O|  |TAMS 0x00000007ffc00000| PB 0x00000007ff800000| Untracked |  0
| 1263|0x00000007ffc00000, 0x0000000800000000, 0x0000000800000000|100%| E|CS|TAMS 0x00000007ffc00000| PB 0x00000007ffc00000| Complete  |  0

Card table byte_map: [0x0000023946930000,0x0000023947310000] _byte_map_base: 0x0000023943310000
Refinement table byte_map: [0x0000023945f50000,0x0000023946930000] _byte_map_base: 0x0000023942930000

Marking Bits: (CMBitMap*) 0x0000023939710b40
 Bits: [0x0000023947310000, 0x000002394c210000)

Polling page: 0x0000023937400000

Metaspace:
Metaspace        used 35812K, committed 36160K, reserved 1114112K
 class space     used 5066K, committed 5248K, reserved 1048576K

Usage:
  Non-class:     30.03 MB used.
      Class:      4.95 MB used.
       Both:     34.97 MB used.

Virtual space:
  Non-class space:       64.00 MB reserved,      30.19 MB ( 47%) committed,  1 nodes.
      Class space:        1.00 GB reserved,       5.12 MB ( <1%) committed,  1 nodes.
             Both:        1.06 GB reserved,      35.31 MB (  3%) committed. 

Chunk freelists:
   Non-Class:  1.19 MB
       Class:  10.79 MB
        Both:  11.98 MB

MaxMetaspaceSize: unlimited
CompressedClassSpaceSize: 1.00 GB
Initial GC threshold: 21.00 MB
Current GC threshold: 35.31 MB
CDS: on
 - commit_granule_bytes: 65536.
 - commit_granule_words: 8192.
 - virtual_space_node_default_size: 8388608.
 - enlarge_chunks_in_place: 1.
UseCompressedClassPointers 1, UseCompactObjectHeaders 0
Narrow klass pointer bits 32, Max shift 3
Narrow klass base: 0x000000002e000000, Narrow klass shift: 0
Encoding Range: [0x000000002e000000 - 0x000000012e000000), (4294967296 bytes)
Klass Range:    [0x000000002e000000 - 0x000000006f000000), (1090519040 bytes)
Klass ID Range:  [8 - 1090519033) (1090519025)
Protection zone: [0x000000002e000000 - 0x000000002e010000), (65536 bytes)


Internal statistics:

num_allocs_failed_limit: 6.
num_arena_births: 438.
num_arena_deaths: 0.
num_vsnodes_births: 2.
num_vsnodes_deaths: 0.
num_space_committed: 565.
num_space_uncommitted: 0.
num_chunks_returned_to_freelist: 6.
num_chunks_taken_from_freelist: 1751.
num_chunk_merges: 6.
num_chunk_splits: 1248.
num_chunks_enlarged: 1008.
num_inconsistent_stats: 0.

CodeCache: size=49152Kb used=8126Kb max_used=8126Kb free=41025Kb
 bounds [0x0000023942350000, 0x0000023942b40000, 0x0000023945350000]
 total_blobs=5084, nmethods=4520, adapters=486, full_count=0
Compilation: enabled, stopped_count=0, restarted_count=0

Compilation events (20 events):
Event: 2.672 Thread 0x000002394ec83190 4513       1       java.util.TreeMap::put (8 bytes)
Event: 2.672 Thread 0x000002394ec83190 nmethod 4513 0x0000023942b3b108 code [0x0000023942b3b200, 0x0000023942b3b2e0]
Event: 2.673 Thread 0x0000023953bd3880 nmethod 4511 0x0000023942b3b408 code [0x0000023942b3b500, 0x0000023942b3cb88]
Event: 2.673 Thread 0x000002394ebf0f30 nmethod 4514 0x0000023942b3cc08 code [0x0000023942b3cd00, 0x0000023942b3d218]
Event: 2.674 Thread 0x00000239541a5880 4516       1       jdk.internal.reflect.DirectMethodHandleAccessor::isStatic (20 bytes)
Event: 2.674 Thread 0x0000023953bd3880 4515   !   1       jdk.internal.reflect.DirectMethodHandleAccessor::invoke (92 bytes)
Event: 2.674 Thread 0x000002394ebf0f30 4517       1       jdk.internal.reflect.DirectMethodHandleAccessor::checkArgumentCount (53 bytes)
Event: 2.674 Thread 0x000002394ec83190 4518       1       jdk.internal.reflect.DirectMethodHandleAccessor::invokeImpl (108 bytes)
Event: 2.674 Thread 0x00000239541a5880 nmethod 4516 0x0000023942b3d288 code [0x0000023942b3d380, 0x0000023942b3d450]
Event: 2.674 Thread 0x000002394ebf0f30 nmethod 4517 0x0000023942b3d588 code [0x0000023942b3d680, 0x0000023942b3d9e0]
Event: 2.675 Thread 0x000002394ec83190 nmethod 4518 0x0000023942b3da08 code [0x0000023942b3db00, 0x0000023942b3e138]
Event: 2.675 Thread 0x0000023953bd3880 nmethod 4515 0x0000023942b3e188 code [0x0000023942b3e280, 0x0000023942b3edd0]
Event: 2.676 Thread 0x00000239541a5880 4519       1       org.springframework.beans.factory.InjectionPoint::getMethodParameter (5 bytes)
Event: 2.676 Thread 0x00000239541a5880 nmethod 4519 0x0000023942b3ee08 code [0x0000023942b3ef00, 0x0000023942b3efb8]
Event: 2.677 Thread 0x000002394ebf0f30 4520       1       org.springframework.security.config.annotation.method.configuration.MethodSecurityAdvisorRegistrar$AdvisorWrapper::getPointcut (10 bytes)
Event: 2.677 Thread 0x0000023953bd3880 4521       1       org.springframework.aop.support.ClassFilters$UnionClassFilter::matches (44 bytes)
Event: 2.677 Thread 0x000002394ebf0f30 nmethod 4520 0x0000023942b3f108 code [0x0000023942b3f200, 0x0000023942b3f2f0]
Event: 2.677 Thread 0x0000023953bd3880 nmethod 4521 0x0000023942b3f408 code [0x0000023942b3f500, 0x0000023942b3f680]
Event: 2.678 Thread 0x00000239541a5880 4522   !   1       jdk.proxy2.$Proxy68::annotationType (28 bytes)
Event: 2.678 Thread 0x00000239541a5880 nmethod 4522 0x0000023942b3f708 code [0x0000023942b3f800, 0x0000023942b3fa20]

GC Heap Usage History (20 events):
Event: 0.257 {heap After GC invocations=2 (full 0):
 garbage-first heap   total reserved 5177344K, committed 20480K, used 7268K [0x00000006c4000000, 0x0000000800000000)
  region size 4M, 0 eden (0M), 1 survivor (4M), 2 old (8M), 0 humongous (0M), 2 free (8M)
}
Event: 0.388 {heap Before GC invocations=3 (full 0):
 garbage-first heap   total reserved 5177344K, committed 20480K, used 11364K [0x00000006c4000000, 0x0000000800000000)
  region size 4M, 1 eden (4M), 1 survivor (4M), 2 old (8M), 0 humongous (0M), 1 free (4M)
}
Event: 0.391 {heap After GC invocations=4 (full 0):
 garbage-first heap   total reserved 5177344K, committed 32768K, used 7966K [0x00000006c4000000, 0x0000000800000000)
  region size 4M, 0 eden (0M), 1 survivor (4M), 3 old (12M), 0 humongous (0M), 4 free (16M)
}
Event: 0.498 {heap Before GC invocations=4 (full 0):
 garbage-first heap   total reserved 5177344K, committed 32768K, used 12062K [0x00000006c4000000, 0x0000000800000000)
  region size 4M, 1 eden (4M), 1 survivor (4M), 3 old (12M), 0 humongous (0M), 3 free (12M)
}
Event: 0.503 {heap After GC invocations=5 (full 0):
 garbage-first heap   total reserved 5177344K, committed 32768K, used 8520K [0x00000006c4000000, 0x0000000800000000)
  region size 4M, 0 eden (0M), 1 survivor (4M), 2 old (8M), 0 humongous (0M), 5 free (20M)
}
Event: 0.699 {heap Before GC invocations=5 (full 0):
 garbage-first heap   total reserved 5177344K, committed 32768K, used 12616K [0x00000006c4000000, 0x0000000800000000)
  region size 4M, 2 eden (8M), 1 survivor (4M), 2 old (8M), 0 humongous (0M), 3 free (12M)
}
Event: 0.702 {heap After GC invocations=6 (full 0):
 garbage-first heap   total reserved 5177344K, committed 32768K, used 9178K [0x00000006c4000000, 0x0000000800000000)
  region size 4M, 0 eden (0M), 1 survivor (4M), 2 old (8M), 0 humongous (0M), 5 free (20M)
}
Event: 0.944 {heap Before GC invocations=6 (full 0):
 garbage-first heap   total reserved 5177344K, committed 32768K, used 21466K [0x00000006c4000000, 0x0000000800000000)
  region size 4M, 3 eden (12M), 1 survivor (4M), 2 old (8M), 0 humongous (0M), 2 free (8M)
}
Event: 0.950 {heap After GC invocations=7 (full 0):
 garbage-first heap   total reserved 5177344K, committed 32768K, used 10563K [0x00000006c4000000, 0x0000000800000000)
  region size 4M, 0 eden (0M), 1 survivor (4M), 2 old (8M), 0 humongous (0M), 5 free (20M)
}
Event: 1.085 {heap Before GC invocations=7 (full 0):
 garbage-first heap   total reserved 5177344K, committed 32768K, used 22851K [0x00000006c4000000, 0x0000000800000000)
  region size 4M, 3 eden (12M), 1 survivor (4M), 2 old (8M), 0 humongous (0M), 2 free (8M)
}
Event: 1.089 {heap After GC invocations=8 (full 0):
 garbage-first heap   total reserved 5177344K, committed 81920K, used 11039K [0x00000006c4000000, 0x0000000800000000)
  region size 4M, 0 eden (0M), 1 survivor (4M), 3 old (12M), 0 humongous (0M), 16 free (64M)
}
Event: 1.485 {heap Before GC invocations=8 (full 0):
 garbage-first heap   total reserved 5177344K, committed 81920K, used 51999K [0x00000006c4000000, 0x0000000800000000)
  region size 4M, 11 eden (44M), 1 survivor (4M), 3 old (12M), 0 humongous (0M), 5 free (20M)
}
Event: 1.491 {heap After GC invocations=9 (full 0):
 garbage-first heap   total reserved 5177344K, committed 81920K, used 16050K [0x00000006c4000000, 0x0000000800000000)
  region size 4M, 0 eden (0M), 2 survivor (8M), 3 old (12M), 0 humongous (0M), 15 free (60M)
}
Event: 1.494 {heap Before GC invocations=9 (full 0):
 garbage-first heap   total reserved 5177344K, committed 81920K, used 16050K [0x00000006c4000000, 0x0000000800000000)
  region size 4M, 1 eden (4M), 2 survivor (8M), 3 old (12M), 0 humongous (0M), 14 free (56M)
}
Event: 1.499 {heap After GC invocations=10 (full 0):
 garbage-first heap   total reserved 5177344K, committed 81920K, used 17052K [0x00000006c4000000, 0x0000000800000000)
  region size 4M, 0 eden (0M), 1 survivor (4M), 4 old (16M), 0 humongous (0M), 15 free (60M)
}
Event: 1.949 {heap Before GC invocations=11 (full 0):
 garbage-first heap   total reserved 5177344K, committed 81920K, used 62108K [0x00000006c4000000, 0x0000000800000000)
  region size 4M, 11 eden (44M), 1 survivor (4M), 4 old (16M), 0 humongous (0M), 4 free (16M)
}
Event: 1.955 {heap After GC invocations=12 (full 0):
 garbage-first heap   total reserved 5177344K, committed 81920K, used 20558K [0x00000006c4000000, 0x0000000800000000)
  region size 4M, 0 eden (0M), 2 survivor (8M), 4 old (16M), 0 humongous (0M), 14 free (56M)
}
Event: 2.474 {heap Before GC invocations=12 (full 0):
 garbage-first heap   total reserved 5177344K, committed 81920K, used 61518K [0x00000006c4000000, 0x0000000800000000)
  region size 4M, 10 eden (40M), 2 survivor (8M), 4 old (16M), 0 humongous (0M), 4 free (16M)
}
Event: 2.483 {heap After GC invocations=13 (full 0):
 garbage-first heap   total reserved 5177344K, committed 81920K, used 23714K [0x00000006c4000000, 0x0000000800000000)
  region size 4M, 0 eden (0M), 1 survivor (4M), 5 old (20M), 0 humongous (0M), 14 free (56M)
}
Event: 2.684 {heap Before GC invocations=13 (full 0):
 garbage-first heap   total reserved 5177344K, committed 81920K, used 36002K [0x00000006c4000000, 0x0000000800000000)
  region size 4M, 4 eden (16M), 1 survivor (4M), 5 old (20M), 0 humongous (0M), 10 free (40M)
}

Metaspace Usage History (20 events):
Event: 0.257 {metaspace After GC invocations=2 (full 0):
 Metaspace       used 271K, committed 512K, reserved 1114112K
  class space    used 9K, committed 128K, reserved 1048576K
}
Event: 0.388 {metaspace Before GC invocations=3 (full 0):
 Metaspace       used 2071K, committed 2176K, reserved 1114112K
  class space    used 227K, committed 256K, reserved 1048576K
}
Event: 0.391 {metaspace After GC invocations=4 (full 0):
 Metaspace       used 2071K, committed 2176K, reserved 1114112K
  class space    used 227K, committed 256K, reserved 1048576K
}
Event: 0.498 {metaspace Before GC invocations=4 (full 0):
 Metaspace       used 3124K, committed 3328K, reserved 1114112K
  class space    used 388K, committed 512K, reserved 1048576K
}
Event: 0.503 {metaspace After GC invocations=5 (full 0):
 Metaspace       used 3124K, committed 3328K, reserved 1114112K
  class space    used 388K, committed 512K, reserved 1048576K
}
Event: 0.699 {metaspace Before GC invocations=5 (full 0):
 Metaspace       used 5995K, committed 6208K, reserved 1114112K
  class space    used 775K, committed 896K, reserved 1048576K
}
Event: 0.702 {metaspace After GC invocations=6 (full 0):
 Metaspace       used 5995K, committed 6208K, reserved 1114112K
  class space    used 775K, committed 896K, reserved 1048576K
}
Event: 0.944 {metaspace Before GC invocations=6 (full 0):
 Metaspace       used 8320K, committed 8576K, reserved 1114112K
  class space    used 1150K, committed 1280K, reserved 1048576K
}
Event: 0.950 {metaspace After GC invocations=7 (full 0):
 Metaspace       used 8320K, committed 8576K, reserved 1114112K
  class space    used 1150K, committed 1280K, reserved 1048576K
}
Event: 1.085 {metaspace Before GC invocations=7 (full 0):
 Metaspace       used 11468K, committed 11648K, reserved 1114112K
  class space    used 1650K, committed 1728K, reserved 1048576K
}
Event: 1.089 {metaspace After GC invocations=8 (full 0):
 Metaspace       used 11468K, committed 11648K, reserved 1114112K
  class space    used 1650K, committed 1728K, reserved 1048576K
}
Event: 1.485 {metaspace Before GC invocations=8 (full 0):
 Metaspace       used 21157K, committed 21440K, reserved 1114112K
  class space    used 2982K, committed 3136K, reserved 1048576K
}
Event: 1.491 {metaspace After GC invocations=9 (full 0):
 Metaspace       used 21157K, committed 21440K, reserved 1114112K
  class space    used 2982K, committed 3136K, reserved 1048576K
}
Event: 1.494 {metaspace Before GC invocations=9 (full 0):
 Metaspace       used 21258K, committed 21504K, reserved 1114112K
  class space    used 2993K, committed 3136K, reserved 1048576K
}
Event: 1.499 {metaspace After GC invocations=10 (full 0):
 Metaspace       used 21258K, committed 21504K, reserved 1114112K
  class space    used 2993K, committed 3136K, reserved 1048576K
}
Event: 1.949 {metaspace Before GC invocations=11 (full 0):
 Metaspace       used 27584K, committed 27840K, reserved 1114112K
  class space    used 3834K, committed 3968K, reserved 1048576K
}
Event: 1.955 {metaspace After GC invocations=12 (full 0):
 Metaspace       used 27584K, committed 27840K, reserved 1114112K
  class space    used 3834K, committed 3968K, reserved 1048576K
}
Event: 2.474 {metaspace Before GC invocations=12 (full 0):
 Metaspace       used 33367K, committed 33728K, reserved 1114112K
  class space    used 4758K, committed 4928K, reserved 1048576K
}
Event: 2.483 {metaspace After GC invocations=13 (full 0):
 Metaspace       used 33367K, committed 33728K, reserved 1114112K
  class space    used 4758K, committed 4928K, reserved 1048576K
}
Event: 2.684 {metaspace Before GC invocations=13 (full 0):
 Metaspace       used 35812K, committed 36160K, reserved 1114112K
  class space    used 5066K, committed 5248K, reserved 1048576K
}

Dll operation events (20 events):
Event: 0.162 Attempting to load shared library C:\Users\yashjain\.jdks\openjdk-26\bin\zip.dll
Event: 0.162 Loaded shared library C:\Users\yashjain\.jdks\openjdk-26\bin\zip.dll
Event: 0.164 Attempting to load shared library C:\Users\yashjain\.jdks\openjdk-26\bin\instrument.dll
Event: 0.164 Loaded shared library C:\Users\yashjain\.jdks\openjdk-26\bin\instrument.dll
Event: 0.167 Attempting to load shared library C:\Users\yashjain\.jdks\openjdk-26\bin\net.dll
Event: 0.167 Loaded shared library C:\Users\yashjain\.jdks\openjdk-26\bin\net.dll
Event: 0.169 Attempting to load shared library C:\Users\yashjain\.jdks\openjdk-26\bin\nio.dll
Event: 0.169 Loaded shared library C:\Users\yashjain\.jdks\openjdk-26\bin\nio.dll
Event: 0.172 Attempting to load shared library C:\Users\yashjain\.jdks\openjdk-26\bin\zip.dll
Event: 0.172 Loaded shared library C:\Users\yashjain\.jdks\openjdk-26\bin\zip.dll
Event: 0.287 Attempting to load shared library C:\Users\yashjain\.jdks\openjdk-26\bin\extnet.dll
Event: 0.288 Loaded shared library C:\Users\yashjain\.jdks\openjdk-26\bin\extnet.dll
Event: 0.307 Attempting to load shared library C:\Users\yashjain\.jdks\openjdk-26\bin\jimage.dll
Event: 0.307 Loaded shared library C:\Users\yashjain\.jdks\openjdk-26\bin\jimage.dll
Event: 1.439 Attempting to load shared library C:\Users\yashjain\.jdks\openjdk-26\bin\sunmscapi.dll
Event: 1.440 Loaded shared library C:\Users\yashjain\.jdks\openjdk-26\bin\sunmscapi.dll
Event: 2.547 Attempting to load shared library C:\Users\yashjain\.jdks\openjdk-26\bin\management.dll
Event: 2.547 Loaded shared library C:\Users\yashjain\.jdks\openjdk-26\bin\management.dll
Event: 2.549 Attempting to load shared library C:\Users\yashjain\.jdks\openjdk-26\bin\management_ext.dll
Event: 2.549 Loaded shared library C:\Users\yashjain\.jdks\openjdk-26\bin\management_ext.dll

Deoptimization events (2 events):
Event: 0.832 Thread 0x00000239396bdd70 DEOPT PACKING pc=0x0000023942719f34 sp=0x0000007654dfc630
Event: 0.832 Thread 0x00000239396bdd70 DEOPT UNPACKING pc=0x00000239423a15a2 sp=0x0000007654dfbb28 mode 0

Classes loaded (20 events):
Event: 2.552 Loading class java/util/stream/ReduceOps$2ReducingSink
Event: 2.552 Loading class java/util/stream/ReduceOps$2ReducingSink done
Event: 2.553 Loading class sun/management/RuntimeImpl
Event: 2.553 Loading class sun/management/RuntimeImpl done
Event: 2.587 Loading class java/util/zip/ZipFile$ZipEntryIterator
Event: 2.587 Loading class java/util/zip/ZipFile$ZipEntryIterator done
Event: 2.613 Loading class javax/crypto/SecretKey
Event: 2.613 Loading class javax/crypto/SecretKey done
Event: 2.618 Loading class jdk/internal/reflect/MethodHandleLongFieldAccessorImpl
Event: 2.618 Loading class jdk/internal/reflect/MethodHandleLongFieldAccessorImpl done
Event: 2.629 Loading class java/lang/SafeVarargs
Event: 2.629 Loading class java/lang/SafeVarargs done
Event: 2.648 Loading class java/util/concurrent/Executors$AutoShutdownDelegatedExecutorService
Event: 2.648 Loading class java/util/concurrent/Executors$DelegatedExecutorService
Event: 2.648 Loading class java/util/concurrent/Executors$DelegatedExecutorService done
Event: 2.648 Loading class java/util/concurrent/Executors$AutoShutdownDelegatedExecutorService done
Event: 2.648 Loading class java/util/concurrent/ThreadPoolExecutor$Worker
Event: 2.648 Loading class java/util/concurrent/ThreadPoolExecutor$Worker done
Event: 2.683 Loading class javax/naming/Referenceable
Event: 2.683 Loading class javax/naming/Referenceable done

Classes unloaded (0 events):
No events

Classes redefined (0 events):
No events

Internal exceptions (20 events):
Event: 2.382 Thread 0x00000239396bdd70 Exception <a 'java/lang/IncompatibleClassChangeError'{0x00000006c6a50df8}: Found class java.lang.Object, but interface was expected> (0x00000006c6a50df8) 
thrown [s\open\src\hotspot\share\interpreter\linkResolver.cpp, line 871]
Event: 2.382 Thread 0x00000239396bdd70 Exception <a 'java/lang/IncompatibleClassChangeError'{0x00000006c6a610b8}: Found class java.lang.Object, but interface was expected> (0x00000006c6a610b8) 
thrown [s\open\src\hotspot\share\interpreter\linkResolver.cpp, line 871]
Event: 2.382 Thread 0x00000239396bdd70 Exception <a 'java/lang/IncompatibleClassChangeError'{0x00000006c6a715f8}: Found class java.lang.Object, but interface was expected> (0x00000006c6a715f8) 
thrown [s\open\src\hotspot\share\interpreter\linkResolver.cpp, line 871]
Event: 2.382 Thread 0x00000239396bdd70 Exception <a 'java/lang/IncompatibleClassChangeError'{0x00000006c6a92608}: Found class java.lang.Object, but interface was expected> (0x00000006c6a92608) 
thrown [s\open\src\hotspot\share\interpreter\linkResolver.cpp, line 871]
Event: 2.383 Thread 0x00000239396bdd70 Exception <a 'java/lang/IncompatibleClassChangeError'{0x00000006c6ad1f88}: Found class java.lang.Object, but interface was expected> (0x00000006c6ad1f88) 
thrown [s\open\src\hotspot\share\interpreter\linkResolver.cpp, line 871]
Event: 2.383 Thread 0x00000239396bdd70 Exception <a 'java/lang/IncompatibleClassChangeError'{0x00000006c6ae1ae0}: Found class java.lang.Object, but interface was expected> (0x00000006c6ae1ae0) 
thrown [s\open\src\hotspot\share\interpreter\linkResolver.cpp, line 871]
Event: 2.384 Thread 0x00000239396bdd70 Exception <a 'java/lang/IncompatibleClassChangeError'{0x00000006c6b099f8}: Found class java.lang.Object, but interface was expected> (0x00000006c6b099f8) 
thrown [s\open\src\hotspot\share\interpreter\linkResolver.cpp, line 871]
Event: 2.384 Thread 0x00000239396bdd70 Exception <a 'java/lang/IncompatibleClassChangeError'{0x00000006c6b19de8}: Found class java.lang.Object, but interface was expected> (0x00000006c6b19de8) 
thrown [s\open\src\hotspot\share\interpreter\linkResolver.cpp, line 871]
Event: 2.384 Thread 0x00000239396bdd70 Exception <a 'java/lang/IncompatibleClassChangeError'{0x00000006c6b32410}: Found class java.lang.Object, but interface was expected> (0x00000006c6b32410) 
thrown [s\open\src\hotspot\share\interpreter\linkResolver.cpp, line 871]
Event: 2.388 Thread 0x00000239396bdd70 Exception <a 'java/lang/NoSuchMethodError'{0x00000006c6badbd0}: 'void java.lang.invoke.DirectMethodHandle$Holder.invokeStatic(java.lang.Object, java.lang.Object, java.lang.Object, int, java.lang.Object)'> (0x00000006c6badbd0) 
thrown [s\open\src\hotspot\share\interpreter\linkResolver.cpp, line 804]
Event: 2.392 Thread 0x00000239396bdd70 Exception <a 'java/lang/NoSuchMethodError'{0x00000006c6496b68}: 'void java.lang.invoke.DirectMethodHandle$Holder.invokeStatic(java.lang.Object, int, java.lang.Object)'> (0x00000006c6496b68) 
thrown [s\open\src\hotspot\share\interpreter\linkResolver.cpp, line 804]
Event: 2.416 Thread 0x00000239396bdd70 Exception <a 'java/lang/NoSuchMethodError'{0x00000006c67b3dc0}: 'java.lang.Object java.lang.invoke.DirectMethodHandle$Holder.invokeVirtual(java.lang.Object, java.lang.Object, java.lang.Object, java.lang.Object, java.lang.Object)'> (0x00000006c67b3dc0) 
thrown [s\open\src\hotspot\share\interpreter\linkResolver.cpp, line 804]
Event: 2.462 Thread 0x00000239396bdd70 Exception <a 'java/lang/NoSuchMethodError'{0x00000006c632d8c0}: 'java.lang.Object java.lang.invoke.DirectMethodHandle$Holder.invokeStaticInit(java.lang.Object, java.lang.Object, int, int, int, int)'> (0x00000006c632d8c0) 
thrown [s\open\src\hotspot\share\interpreter\linkResolver.cpp, line 804]
Event: 2.534 Thread 0x00000239396bdd70 Exception <a 'java/lang/NoSuchMethodError'{0x00000007ffef3298}: 'int java.lang.invoke.DirectMethodHandle$Holder.invokeVirtual(java.lang.Object, java.lang.Object, java.lang.Object, java.lang.Object)'> (0x00000007ffef3298) 
thrown [s\open\src\hotspot\share\interpreter\linkResolver.cpp, line 804]
Event: 2.558 Thread 0x00000239396bdd70 Exception <a 'java/io/FileNotFoundException'{0x00000006c8017b20}> (0x00000006c8017b20) 
thrown [s\open\src\hotspot\share\prims\jni.cpp, line 514]
Event: 2.600 Thread 0x00000239396bdd70 Exception <a 'java/lang/NoSuchMethodError'{0x00000006c8266750}: 'int java.lang.invoke.DirectMethodHandle$Holder.invokeInterface(java.lang.Object, java.lang.Object, java.lang.Object, java.lang.Object)'> (0x00000006c8266750) 
thrown [s\open\src\hotspot\share\interpreter\linkResolver.cpp, line 804]
Event: 2.616 Thread 0x00000239396bdd70 Exception <a 'java/lang/NoSuchMethodError'{0x00000006c83fabd8}: 'void java.lang.invoke.Invokers$Holder.invokeExact_MT(java.lang.Object, java.lang.Object, java.lang.Object, java.lang.Object)'> (0x00000006c83fabd8) 
thrown [s\open\src\hotspot\share\interpreter\linkResolver.cpp, line 804]
Event: 2.618 Thread 0x00000239396bdd70 Exception <a 'java/lang/NoSuchMethodError'{0x00000006c7c10c88}: 'long java.lang.invoke.DelegatingMethodHandle$Holder.reinvoke_L(java.lang.Object, java.lang.Object)'> (0x00000006c7c10c88) 
thrown [s\open\src\hotspot\share\interpreter\linkResolver.cpp, line 804]
Event: 2.619 Thread 0x00000239396bdd70 Exception <a 'java/lang/NoSuchMethodError'{0x00000006c7c29438}: 'void java.lang.invoke.DelegatingMethodHandle$Holder.reinvoke_L(java.lang.Object, java.lang.Object, long)'> (0x00000006c7c29438) 
thrown [s\open\src\hotspot\share\interpreter\linkResolver.cpp, line 804]
Event: 2.671 Thread 0x00000239396bdd70 Exception <a 'java/lang/NoSuchMethodError'{0x00000006c78837f0}: 'java.lang.Object java.lang.invoke.DirectMethodHandle$Holder.newInvokeSpecial(java.lang.Object, java.lang.Object, java.lang.Object, java.lang.Object, java.lang.Object, java.lang.Object, java.lang.Object, java.lang.Object, java.lang.Object, java.lang.Object, java.lang.Object, java.lang.Object)'> (0x00000006c78837f0) 
thrown [s\open\src\hotspot\share\interpreter\linkResolver.cpp, line 804]

VM Operations (20 events):
Event: 2.021 Executing non-safepoint VM operation: HandshakeAllThreads (Deoptimize) done
Event: 2.228 Executing non-safepoint VM operation: HandshakeAllThreads (Deoptimize)
Event: 2.228 Executing non-safepoint VM operation: HandshakeAllThreads (Deoptimize) done
Event: 2.242 Executing non-safepoint VM operation: HandshakeAllThreads (Deoptimize)
Event: 2.242 Executing non-safepoint VM operation: HandshakeAllThreads (Deoptimize) done
Event: 2.352 Executing non-safepoint VM operation: HandshakeAllThreads (Deoptimize)
Event: 2.352 Executing non-safepoint VM operation: HandshakeAllThreads (Deoptimize) done
Event: 2.474 Executing safepoint VM operation: G1CollectForAllocation (G1 Evacuation Pause)
Event: 2.484 Executing safepoint VM operation: G1CollectForAllocation (G1 Evacuation Pause) done
Event: 2.526 Executing non-safepoint VM operation: HandshakeAllThreads (Deoptimize)
Event: 2.526 Executing non-safepoint VM operation: HandshakeAllThreads (Deoptimize) done
Event: 2.527 Executing non-safepoint VM operation: HandshakeAllThreads (Deoptimize)
Event: 2.527 Executing non-safepoint VM operation: HandshakeAllThreads (Deoptimize) done
Event: 2.552 Executing non-safepoint VM operation: HandshakeAllThreads (Deoptimize)
Event: 2.552 Executing non-safepoint VM operation: HandshakeAllThreads (Deoptimize) done
Event: 2.583 Executing non-safepoint VM operation: HandshakeAllThreads (Deoptimize)
Event: 2.583 Executing non-safepoint VM operation: HandshakeAllThreads (Deoptimize) done
Event: 2.667 Executing non-safepoint VM operation: HandshakeAllThreads (Deoptimize)
Event: 2.668 Executing non-safepoint VM operation: HandshakeAllThreads (Deoptimize) done
Event: 2.684 Executing safepoint VM operation: CollectForMetadataAllocation (Metadata GC Threshold)

Memory protections (0 events):
No events

Nmethod flushes (2 events):
Event: 1.508 Thread 0x000002394ebc59c0 flushing  nmethod 0x000002394248a208
Event: 1.508 Thread 0x000002394ebc59c0 flushing  nmethod 0x0000023942550988

Events (19 events):
Event: 0.036 Thread 0x00000239396bdd70 Thread added: 0x00000239396bdd70
Event: 0.051 Thread 0x00000239396bdd70 Thread added: 0x000002394ebd5d30
Event: 0.052 Thread 0x00000239396bdd70 Thread added: 0x000002394ebd71b0
Event: 0.052 Thread 0x00000239396bdd70 Thread added: 0x000002394ebd8ef0
Event: 0.052 Thread 0x00000239396bdd70 Thread added: 0x000002394ebda220
Event: 0.052 Thread 0x00000239396bdd70 Thread added: 0x000002394ebdbaa0
Event: 0.052 Thread 0x00000239396bdd70 Thread added: 0x000002394ebe3470
Event: 0.052 Thread 0x00000239396bdd70 Thread added: 0x000002394ebf0f30
Event: 0.152 Thread 0x000002394ebf0f30 Thread added: 0x000002394ec83190
Event: 0.166 Thread 0x00000239396bdd70 Thread added: 0x00000239530cf230
Event: 0.272 Thread 0x00000239396bdd70 Thread added: 0x0000023953544e50
Event: 0.272 Thread 0x00000239396bdd70 Thread added: 0x0000023953545e10
Event: 0.442 Thread 0x000002394ebf0f30 Thread added: 0x0000023953bd3880
Event: 0.993 Thread 0x00000239396bdd70 Thread added: 0x0000023953ee7410
Event: 1.260 Thread 0x0000023953bd3880 Thread added: 0x00000239541a5880
Event: 1.408 Thread 0x00000239396bdd70 Thread added: 0x0000023953ef8bc0
Event: 1.428 Thread 0x0000023953ef8bc0 Thread exited: 0x0000023953ef8bc0
Event: 1.620 Thread 0x0000023953ee7410 Thread exited: 0x0000023953ee7410
Event: 2.648 Thread 0x00000239396bdd70 Thread added: 0x0000023953efbaa0


Dynamic libraries:
0x00007ff762210000 - 0x00007ff76221e000 	C:\Users\yashjain\.jdks\openjdk-26\bin\java.exe
0x00007ffc9b720000 - 0x00007ffc9b988000 	C:\WINDOWS\SYSTEM32\ntdll.dll
0x00007ffc995c0000 - 0x00007ffc99689000 	C:\WINDOWS\System32\KERNEL32.DLL
0x00007ffc98000000 - 0x00007ffc983f1000 	C:\WINDOWS\System32\KERNELBASE.dll
0x00007ffc98530000 - 0x00007ffc9867b000 	C:\WINDOWS\System32\ucrtbase.dll
0x00007ffc7d3c0000 - 0x00007ffc7d3d7000 	C:\Users\yashjain\.jdks\openjdk-26\bin\jli.dll
0x00007ffc7cf60000 - 0x00007ffc7cf7e000 	C:\Users\yashjain\.jdks\openjdk-26\bin\VCRUNTIME140.dll
0x00007ffc9a0d0000 - 0x00007ffc9a296000 	C:\WINDOWS\System32\USER32.dll
0x00007ffc99310000 - 0x00007ffc99337000 	C:\WINDOWS\System32\win32u.dll
0x00007ffc870d0000 - 0x00007ffc87363000 	C:\WINDOWS\WinSxS\amd64_microsoft.windows.common-controls_6595b64144ccf1df_6.0.26100.7824_none_3e0870b2e3345462\COMCTL32.dll
0x00007ffc99690000 - 0x00007ffc996bb000 	C:\WINDOWS\System32\GDI32.dll
0x00007ffc9b250000 - 0x00007ffc9b2f9000 	C:\WINDOWS\System32\msvcrt.dll
0x00007ffc98400000 - 0x00007ffc9852b000 	C:\WINDOWS\System32\gdi32full.dll
0x00007ffc99030000 - 0x00007ffc990d3000 	C:\WINDOWS\System32\msvcp_win.dll
0x00007ffc99760000 - 0x00007ffc99791000 	C:\WINDOWS\System32\IMM32.DLL
0x00007ffc7ab50000 - 0x00007ffc7ab5c000 	C:\Users\yashjain\.jdks\openjdk-26\bin\vcruntime140_1.dll
0x00007ffc7a480000 - 0x00007ffc7a50d000 	C:\Users\yashjain\.jdks\openjdk-26\bin\msvcp140.dll
0x00007ffbf7c20000 - 0x00007ffbf8aee000 	C:\Users\yashjain\.jdks\openjdk-26\bin\server\jvm.dll
0x00007ffc9b5a0000 - 0x00007ffc9b654000 	C:\WINDOWS\System32\ADVAPI32.dll
0x00007ffc9a930000 - 0x00007ffc9a9d6000 	C:\WINDOWS\System32\sechost.dll
0x00007ffc99b40000 - 0x00007ffc99c58000 	C:\WINDOWS\System32\RPCRT4.dll
0x00007ffc996e0000 - 0x00007ffc99754000 	C:\WINDOWS\System32\WS2_32.dll
0x00007ffc97e80000 - 0x00007ffc97ede000 	C:\WINDOWS\SYSTEM32\POWRPROF.dll
0x00007ffc89860000 - 0x00007ffc89895000 	C:\WINDOWS\SYSTEM32\WINMM.dll
0x00007ffc87410000 - 0x00007ffc8741b000 	C:\WINDOWS\SYSTEM32\VERSION.dll
0x00007ffc97e60000 - 0x00007ffc97e74000 	C:\WINDOWS\SYSTEM32\UMPDC.dll
0x00007ffc96da0000 - 0x00007ffc96dbb000 	C:\WINDOWS\SYSTEM32\kernel.appcore.dll
0x00007ffc7a470000 - 0x00007ffc7a47a000 	C:\Users\yashjain\.jdks\openjdk-26\bin\jimage.dll
0x00007ffc95f30000 - 0x00007ffc96172000 	C:\WINDOWS\SYSTEM32\DBGHELP.DLL
0x00007ffc99d40000 - 0x00007ffc9a0c6000 	C:\WINDOWS\System32\combase.dll
0x00007ffc99c60000 - 0x00007ffc99d37000 	C:\WINDOWS\System32\OLEAUT32.dll
0x00007ffc83670000 - 0x00007ffc836ab000 	C:\WINDOWS\SYSTEM32\dbgcore.DLL
0x00007ffc98f80000 - 0x00007ffc99025000 	C:\WINDOWS\System32\bcryptPrimitives.dll
0x00007ffc935a0000 - 0x00007ffc935b0000 	C:\Users\yashjain\.jdks\openjdk-26\bin\instrument.dll
0x00007ffc7a450000 - 0x00007ffc7a46f000 	C:\Users\yashjain\.jdks\openjdk-26\bin\java.dll
0x00007ffc9b300000 - 0x00007ffc9b497000 	C:\WINDOWS\System32\ole32.dll
0x00007ffc9aa20000 - 0x00007ffc9b172000 	C:\WINDOWS\System32\SHELL32.dll
0x00007ffc991a0000 - 0x00007ffc9930a000 	C:\WINDOWS\System32\wintypes.dll
0x00007ffc98710000 - 0x00007ffc98f73000 	C:\WINDOWS\System32\windows.storage.dll
0x00007ffc99960000 - 0x00007ffc99a56000 	C:\WINDOWS\System32\SHCORE.dll
0x00007ffc99550000 - 0x00007ffc995b7000 	C:\WINDOWS\System32\shlwapi.dll
0x00007ffc97f20000 - 0x00007ffc97f49000 	C:\WINDOWS\SYSTEM32\profapi.dll
0x00007ffc704e0000 - 0x00007ffc704f7000 	C:\Users\yashjain\.jdks\openjdk-26\bin\zip.dll
0x00007ffc75a50000 - 0x00007ffc75a62000 	C:\Users\yashjain\.jdks\openjdk-26\bin\net.dll
0x00007ffc97310000 - 0x00007ffc9737b000 	C:\WINDOWS\system32\mswsock.dll
0x00007ffc70500000 - 0x00007ffc70516000 	C:\Users\yashjain\.jdks\openjdk-26\bin\nio.dll
0x00007ffc70470000 - 0x00007ffc70479000 	C:\Users\yashjain\.jdks\openjdk-26\bin\extnet.dll
0x00007ffc93590000 - 0x00007ffc9359e000 	C:\Users\yashjain\.jdks\openjdk-26\bin\sunmscapi.dll
0x00007ffc99340000 - 0x00007ffc994b7000 	C:\WINDOWS\System32\CRYPT32.dll
0x00007ffc97800000 - 0x00007ffc97830000 	C:\WINDOWS\SYSTEM32\ncrypt.dll
0x00007ffc977b0000 - 0x00007ffc977ef000 	C:\WINDOWS\SYSTEM32\NTASN1.dll
0x00007ffc975f0000 - 0x00007ffc9760b000 	C:\WINDOWS\SYSTEM32\CRYPTSP.dll
0x00007ffc96d00000 - 0x00007ffc96d39000 	C:\WINDOWS\system32\rsaenh.dll
0x00007ffc973c0000 - 0x00007ffc973eb000 	C:\WINDOWS\SYSTEM32\USERENV.dll
0x00007ffc97ef0000 - 0x00007ffc97f1a000 	C:\WINDOWS\SYSTEM32\bcrypt.dll
0x00007ffc975e0000 - 0x00007ffc975ec000 	C:\WINDOWS\SYSTEM32\CRYPTBASE.dll
0x00007ffc967c0000 - 0x00007ffc967f4000 	C:\WINDOWS\SYSTEM32\IPHLPAPI.DLL
0x00007ffc9b180000 - 0x00007ffc9b18a000 	C:\WINDOWS\System32\NSI.dll
0x00007ffc93580000 - 0x00007ffc9358a000 	C:\Users\yashjain\.jdks\openjdk-26\bin\management.dll
0x00007ffc93570000 - 0x00007ffc9357c000 	C:\Users\yashjain\.jdks\openjdk-26\bin\management_ext.dll
0x00007ffc9a2a0000 - 0x00007ffc9a2a8000 	C:\WINDOWS\System32\PSAPI.DLL

JVMTI agents:
C:\Program Files\JetBrains\IntelliJ IDEA 2026.1\lib\idea_rt.jar path:C:\Users\yashjain\.jdks\openjdk-26\bin\instrument.dll, loaded, initialized, instrumentlib options:53197

dbghelp: loaded successfully - version: 4.0.5 - missing functions: none
symbol engine: initialized successfully - sym options: 0x614 - pdb path: .;C:\Users\yashjain\.jdks\openjdk-26\bin;C:\WINDOWS\SYSTEM32;C:\WINDOWS\WinSxS\amd64_microsoft.windows.common-controls_6595b64144ccf1df_6.0.26100.7824_none_3e0870b2e3345462;C:\Users\yashjain\.jdks\openjdk-26\bin\server

VM Arguments:
jvm_args: -XX:TieredStopAtLevel=1 -Dspring.output.ansi.enabled=always -javaagent:C:\Program Files\JetBrains\IntelliJ IDEA 2026.1\lib\idea_rt.jar=53197 -Dfile.encoding=UTF-8 -Dsun.stdout.encoding=UTF-8 -Dsun.stderr.encoding=UTF-8 
java_command: com.example.demo.DemoApplication
java_class_path (initial): C:\Users\yashjain\Desktop\authSystem\backend\target\classes;C:\Users\yashjain\.m2\repository\org\mapstruct\mapstruct\1.5.5.Final\mapstruct-1.5.5.Final.jar;C:\Users\yashjain\.m2\repository\io\jsonwebtoken\jjwt-api\0.11.5\jjwt-api-0.11.5.jar;C:\Users\yashjain\.m2\repository\io\jsonwebtoken\jjwt-impl\0.11.5\jjwt-impl-0.11.5.jar;C:\Users\yashjain\.m2\repository\io\jsonwebtoken\jjwt-jackson\0.11.5\jjwt-jackson-0.11.5.jar;C:\Users\yashjain\.m2\repository\com\fasterxml\jackson\core\jackson-databind\2.21.2\jackson-databind-2.21.2.jar;C:\Users\yashjain\.m2\repository\com\fasterxml\jackson\core\jackson-annotations\2.21\jackson-annotations-2.21.jar;C:\Users\yashjain\.m2\repository\com\fasterxml\jackson\core\jackson-core\2.21.2\jackson-core-2.21.2.jar;C:\Users\yashjain\.m2\repository\org\springframework\boot\spring-boot-starter-data-jpa\4.0.6\spring-boot-starter-data-jpa-4.0.6.jar;C:\Users\yashjain\.m2\repository\org\springframework\boot\spring-boot-starter\4.0.6\spring-boot-starter-4.0.6.jar;C:\Users\yashjain\.m2\repository\org\springframework\boot\spring-boot-starter-logging\4.0.6\spring-boot-starter-logging-4.0.6.jar;C:\Users\yashjain\.m2\repository\ch\qos\logback\logback-classic\1.5.32\logback-classic-1.5.32.jar;C:\Users\yashjain\.m2\repository\ch\qos\logback\logback-core\1.5.32\logback-core-1.5.32.jar;C:\Users\yashjain\.m2\repository\org\apache\logging\log4j\log4j-to-slf4j\2.25.4\log4j-to-slf4j-2.25.4.jar;C:\Users\yashjain\.m2\repository\org\apache\logging\log4j\log4j-api\2.25.4\log4j-api-2.25.4.jar;C:\Users\yashjain\.m2\repository\org\slf4j\jul-to-slf4j\2.0.17\jul-to-slf4j-2.0.17.jar;C:\Users\yashjain\.m2\repository\org\springframework\boot\spring-boot-autoconfigure\4.0.6\spring-boot-autoconfigure-4.0.6.jar;C:\Users\yashjain\.m2\repository\jakarta\annotation\jakarta.annotation-api\3.0.0\jakarta.annotation-api-3.0.0.jar;C:\Users\yashjain\.m2\repository\org\yaml\snakeyaml\2.5\snakeyaml-2.5.jar;C:\Users\yashjain\.m2\repository\org\springframework\boot\spring-boot-starter-jdbc\4.0.6\spring-boot-starter-jdbc-4.0.6.jar;C:\Users\yashjain\.m2\repository\com\zaxxer\HikariCP\7.0.2\HikariCP-7.0.2.jar;C:\Users\yashjain\.m2\repository\org\slf4j\slf4j-api\2.0.17\slf4j-api-2.0.17.jar;C:\Users\yashjain\.m2\repository\org\springframework\boot\spring-boot-data-jpa\4.0.6\spring-boot-data-jpa-4.0.6.jar;C:\Users\yashjain\.m2\repository\org\springframework\boot\spring-boot-data-commons\4.0.6\spring-boot-data-commons-4.0.6.jar;C:\Users\yashjain\.m2\repository\org\springframework\boot\spring-boot-persistence\4.0.6\spring-boot-persistence-4.0.6.jar;C:\Users\yashjain\.m2\repository\org\springframework\data\spring-data-commons\4.0.5\spring-data-commons-4.0.5.jar;C:\Users\yashjain\.m2\repository\org\springframework\boot\spring-boot-hibernate\4.0.6\spring-boot-hibernate-4.0.6.jar;C:\Users\yashjain\.m2\repository\org\springframework\boot\spring-boot-jpa\4.0.6\spring-boot-jpa-4.0.6.jar;C:\Users\yashjain\.m2\repository\jakarta\persistence\jakarta.persistence-api\3.2.0\jakarta.persistence-api-3.2.0.jar;C:\Users\yashjain\.m2\repository\org\hibernate\orm\hibernate-core\7.2.12.Final\hibernate-core-7.2.12.Final.jar;C:\Users\yashjain\.m2\repository\jakarta\transaction\jakarta.transaction-api\2.0.1\jakarta.transaction-api-2.0.1.jar;C:\Users\yashjain\.m2\repository\org\hibernate\models\hibernate-models\1.0.1\hibernate-models-1.0.1.jar;C:\Users\yashjain\.m2\repository\org\glassfish\jaxb\jaxb-runtime\4.0.6\jaxb-runtime-4.0.6.jar;C:\Users\yashjain\.m2\repository\org\glassfish\jaxb\jaxb-core\4.0.6\jaxb-core-4.0.6.jar;C:\Users\yashjain\.m2\repository\org\eclipse\angus\angus-activation\2.0.3\angus-activation-2.0.3.jar;C:\Users\yashjain\.m2\repository\org\glassfish\jaxb\txw2\4.0.6\txw2-4.0.6.jar;C:\Users\yashjain\.m2\repository\com\sun\istack\istack-commons-runtime\4.1.2\istack-commons-runtime-4.1.2.jar;C:\Users\yashjain\.m2\repository\jakarta\inject\jakarta.inject-api\2.0.1\jakarta.inject-api-2.0.1.jar;C:\Users\yashjain\.m2\repository\org\springframework\spring-orm\7.0.7\spring-orm-7.0.7.jar;C:\Users\yashjain\.m2\repository\org\springframework\data\spring-data-jpa\4.0.5\spring-data-jpa-4.0.5.jar;C:\Users\yashjain\.m2\repository\org\springframework\spring-context\7.0.7\spring-context-7.0.7.jar;C:\Users\yashjain\.m2\repository\org\springframework\spring-tx\7.0.7\spring-tx-7.0.7.jar;C:\Users\yashjain\.m2\repository\org\antlr\antlr4-runtime\4.13.2\antlr4-runtime-4.13.2.jar;C:\Users\yashjain\.m2\repository\org\springframework\spring-aspects\7.0.7\spring-aspects-7.0.7.jar;C:\Users\yashjain\.m2\repository\org\aspectj\aspectjweaver\1.9.25.1\aspectjweaver-1.9.25.1.jar;C:\Users\yashjain\.m2\repository\org\springframework\boot\spring-boot-jdbc\4.0.6\spring-boot-jdbc-4.0.6.jar;C:\Users\yashjain\.m2\repository\org\springframework\boot\spring-boot\4.0.6\spring-boot-4.0.6.jar;C:\Users\yashjain\.m2\repository\org\springframework\boot\spring-boot-sql\4.0.6\spring-boot-sql-4.0.6.jar;C:\Users\yashjain\.m2\repository\org\springframework\boot\spring-boot-transaction\4.0.6\spring-boot-transaction-4.0.6.jar;C:\Users\yashjain\.m2\repository\org\springframework\spring-jdbc\7.0.7\spring-jdbc-7.0.7.jar;C:\Users\yashjain\.m2\repository\org\springframework\boot\spring-boot-starter-security\4.0.6\spring-boot-starter-security-4.0.6.jar;C:\Users\yashjain\.m2\repository\org\springframework\boot\spring-boot-security\4.0.6\spring-boot-security-4.0.6.jar;C:\Users\yashjain\.m2\repository\org\springframework\security\spring-security-config\7.0.5\spring-security-config-7.0.5.jar;C:\Users\yashjain\.m2\repository\org\springframework\security\spring-security-core\7.0.5\spring-security-core-7.0.5.jar;C:\Users\yashjain\.m2\repository\org\springframework\security\spring-security-crypto\7.0.5\spring-security-crypto-7.0.5.jar;C:\Users\yashjain\.m2\repository\org\springframework\security\spring-security-web\7.0.5\spring-security-web-7.0.5.jar;C:\Users\yashjain\.m2\repository\org\springframework\spring-expression\7.0.7\spring-expression-7.0.7.jar;C:\Users\yashjain\.m2\repository\org\springframework\spring-aop\7.0.7\spring-aop-7.0.7.jar;C:\Users\yashjain\.m2\repository\org\springframework\spring-beans\7.0.7\spring-beans-7.0.7.jar;C:\Users\yashjain\.m2\repository\org\springframework\spring-core\7.0.7\spring-core-7.0.7.jar;C:\Users\yashjain\.m2\repository\commons-logging\commons-logging\1.3.6\commons-logging-1.3.6.jar;C:\Users\yashjain\.m2\repository\org\springframework\boot\spring-boot-starter-validation\4.0.6\spring-boot-starter-validation-4.0.6.jar;C:\Users\yashjain\.m2\repository\org\springframework\boot\spring-boot-validation\4.0.6\spring-boot-validation-4.0.6.jar;C:\Users\yashjain\.m2\repository\org\apache\tomcat\embed\tomcat-embed-el\11.0.21\tomcat-embed-el-11.0.21.jar;C:\Users\yashjain\.m2\repository\org\hibernate\validator\hibernate-validator\9.0.1.Final\hibernate-validator-9.0.1.Final.jar;C:\Users\yashjain\.m2\repository\jakarta\validation\jakarta.validation-api\3.1.1\jakarta.validation-api-3.1.1.jar;C:\Users\yashjain\.m2\repository\org\jboss\logging\jboss-logging\3.6.3.Final\jboss-logging-3.6.3.Final.jar;C:\Users\yashjain\.m2\repository\com\fasterxml\classmate\1.7.3\classmate-1.7.3.jar;C:\Users\yashjain\.m2\repository\org\springframework\boot\spring-boot-starter-webmvc\4.0.6\spring-boot-starter-webmvc-4.0.6.jar;C:\Users\yashjain\.m2\repository\org\springframework\boot\spring-boot-starter-jackson\4.0.6\spring-boot-starter-jackson-4.0.6.jar;C:\Users\yashjain\.m2\repository\org\springframework\boot\spring-boot-jackson\4.0.6\spring-boot-jackson-4.0.6.jar;C:\Users\yashjain\.m2\repository\tools\jackson\core\jackson-databind\3.1.2\jackson-databind-3.1.2.jar;C:\Users\yashjain\.m2\repository\tools\jackson\core\jackson-core\3.1.2\jackson-core-3.1.2.jar;C:\Users\yashjain\.m2\repository\org\springframework\boot\spring-boot-starter-tomcat\4.0.6\spring-boot-starter-tomcat-4.0.6.jar;C:\Users\yashjain\.m2\repository\org\springframework\boot\spring-boot-starter-tomcat-runtime\4.0.6\spring-boot-starter-tomcat-runtime-4.0.6.jar;C:\Users\yashjain\.m2\repository\org\apache\tomcat\embed\tomcat-embed-core\11.0.21\tomcat-embed-core-11.0.21.jar;C:\Users\yashjain\.m2\repository\org\apache\tomcat\embed\tomcat-embed-websocket\11.0.21\tomcat-embed-websocket-11.0.21.jar;C:\Users\yashjain\.m2\repository\org\springframework\boot\spring-boot-tomcat\4.0.6\spring-boot-tomcat-4.0.6.jar;C:\Users\yashjain\.m2\repository\org\springframework\boot\spring-boot-http-converter\4.0.6\spring-boot-http-converter-4.0.6.jar;C:\Users\yashjain\.m2\repository\org\springframework\spring-web\7.0.7\spring-web-7.0.7.jar;C:\Users\yashjain\.m2\repository\io\micrometer\micrometer-observation\1.16.5\micrometer-observation-1.16.5.jar;C:\Users\yashjain\.m2\repository\io\micrometer\micrometer-commons\1.16.5\micrometer-commons-1.16.5.jar;C:\Users\yashjain\.m2\repository\org\springframework\boot\spring-boot-webmvc\4.0.6\spring-boot-webmvc-4.0.6.jar;C:\Users\yashjain\.m2\repository\org\springframework\boot\spring-boot-servlet\4.0.6\spring-boot-servlet-4.0.6.jar;C:\Users\yashjain\.m2\repository\org\springframework\spring-webmvc\7.0.7\spring-webmvc-7.0.7.jar;C:\Users\yashjain\.m2\repository\org\springdoc\springdoc-openapi-starter-webmvc-ui\3.0.2\springdoc-openapi-starter-webmvc-ui-3.0.2.jar;C:\Users\yashjain\.m2\repository\org\springdoc\springdoc-openapi-starter-webmvc-api\3.0.2\springdoc-openapi-starter-webmvc-api-3.0.2.jar;C:\Users\yashjain\.m2\repository\org\springdoc\springdoc-openapi-starter-common\3.0.2\springdoc-openapi-starter-common-3.0.2.jar;C:\Users\yashjain\.m2\repository\io\swagger\core\v3\swagger-core-jakarta\2.2.43\swagger-core-jakarta-2.2.43.jar;C:\Users\yashjain\.m2\repository\org\apache\commons\commons-lang3\3.19.0\commons-lang3-3.19.0.jar;C:\Users\yashjain\.m2\repository\io\swagger\core\v3\swagger-annotations-jakarta\2.2.43\swagger-annotations-jakarta-2.2.43.jar;C:\Users\yashjain\.m2\repository\io\swagger\core\v3\swagger-models-jakarta\2.2.43\swagger-models-jakarta-2.2.43.jar;C:\Users\yashjain\.m2\repository\com\fasterxml\jackson\dataformat\jackson-dataformat-yaml\2.21.2\jackson-dataformat-yaml-2.21.2.jar;C:\Users\yashjain\.m2\repository\com\fasterxml\jackson\datatype\jackson-datatype-jsr310\2.21.2\jackson-datatype-jsr310-2.21.2.jar;C:\Users\yashjain\.m2\repository\org\springframework\boot\spring-boot-web-server\4.0.6\spring-boot-web-server-4.0.6.jar;C:\Users\yashjain\.m2\repository\org\webjars\swagger-ui\5.32.0\swagger-ui-5.32.0.jar;C:\Users\yashjain\.m2\repository\org\webjars\webjars-locator-lite\1.1.3\webjars-locator-lite-1.1.3.jar;C:\Users\yashjain\.m2\repository\org\jspecify\jspecify\1.0.0\jspecify-1.0.0.jar;C:\Users\yashjain\.m2\repository\com\mysql\mysql-connector-j\9.7.0\mysql-connector-j-9.7.0.jar;C:\Users\yashjain\.m2\repository\org\projectlombok\lombok\1.18.46\lombok-1.18.46.jar;C:\Users\yashjain\.m2\repository\jakarta\xml\bind\jakarta.xml.bind-api\4.0.4\jakarta.xml.bind-api-4.0.4.jar;C:\Users\yashjain\.m2\repository\jakarta\activation\jakarta.activation-api\2.1.4\jakarta.activation-api-2.1.4.jar;C:\Users\yashjain\.m2\repository\net\bytebuddy\byte-buddy\1.17.8\byte-buddy-1.17.8.jar
Launcher Type: SUN_STANDARD

[Global flags]
     bool AOTAdapterCaching                        = false                                  {diagnostic} {ergonomic}
     bool AOTInvokeDynamicLinking                  = false                                  {diagnostic} {ergonomic}
     bool AOTRecordTraining                        = false                                  {diagnostic} {ergonomic}
     bool AOTReplayTraining                        = false                                  {diagnostic} {ergonomic}
     bool AOTStubCaching                           = false                                  {diagnostic} {ergonomic}
     intx CICompilerCount                          = 4                                         {product} {ergonomic}
     uint ConcGCThreads                            = 2                                         {product} {ergonomic}
     uint G1ConcRefinementThreads                  = 8                                         {product} {ergonomic}
     uint G1EagerReclaimRemSetThreshold            = 32                                   {experimental} {ergonomic}
   size_t G1HeapRegionSize                         = 4194304                                   {product} {ergonomic}
     uint G1RemSetArrayOfCardsEntries              = 32                                   {experimental} {ergonomic}
     uint G1RemSetHowlMaxNumBuckets                = 8                                    {experimental} {ergonomic}
     uint G1RemSetHowlNumBuckets                   = 8                                    {experimental} {ergonomic}
   size_t InitialHeapSize                          = 8388608                                   {product} {ergonomic}
     bool IntelJccErratumMitigation                = false                             {ARCH diagnostic} {ergonomic}
   size_t MarkStackSize                            = 4194304                                   {product} {ergonomic}
   size_t MarkStackSizeMax                         = 536870912                                 {product} {ergonomic}
   size_t MaxHeapSize                              = 5301600256                                {product} {ergonomic}
   size_t MaxNewSize                               = 3179282432                                {product} {ergonomic}
 uint64_t MaxRAM                                   = 21199323136                               {product} {ergonomic}
   size_t MinHeapDeltaBytes                        = 4194304                                   {product} {ergonomic}
   size_t MinHeapSize                              = 8388608                                   {product} {ergonomic}
   size_t NonNMethodCodeHeapSize                   = 4096                                   {pd product} {ergonomic}
   size_t NonProfiledCodeHeapSize                  = 0                                      {pd product} {ergonomic}
     bool ProfileInterpreter                       = false                                  {pd product} {command line}
   size_t ProfiledCodeHeapSize                     = 0                                      {pd product} {ergonomic}
   size_t SoftMaxHeapSize                          = 5301600256                             {manageable} {ergonomic}
     intx TieredStopAtLevel                        = 1                                         {product} {command line}
     bool UseCompressedOops                        = true                           {product lp64_product} {ergonomic}
     bool UseCondCardMark                          = true                                      {product} {ergonomic}
     bool UseFastUnorderedTimeStamps               = true                                 {experimental} {ergonomic}
     bool UseG1GC                                  = true                                      {product} {ergonomic}
     bool UseLargePagesIndividualAllocation        = false                                  {pd product} {ergonomic}
      int X86ICacheSync                            = 2                                 {ARCH diagnostic} {ergonomic}

Logging:
Log output configuration:
 #0: stdout all=warning uptime,level,tags foldmultilines=false
 #1: stderr all=off uptime,level,tags foldmultilines=false

Release file:
IMPLEMENTOR="Oracle Corporation" 
JAVA_RUNTIME_VERSION="26+35-2893" 
JAVA_VERSION="26" 
JAVA_VERSION_DATE="2026-03-17" 
LIBC="default" 
MODULES="java.base java.compiler java.datatransfer java.xml java.prefs java.desktop java.instrument java.logging java.management java.security.sasl java.naming java.rmi java.management.rmi java.net.http java.scripting java.security.jgss java.transaction.xa java.sql java.sql.rowset java.xml.crypto java.se java.smartcardio jdk.accessibility jdk.internal.jvmstat jdk.attach jdk.charsets jdk.internal.opt jdk.zipfs jdk.compiler jdk.crypto.cryptoki jdk.crypto.ec jdk.crypto.mscapi jdk.dynalink jdk.internal.ed jdk.editpad jdk.internal.vm.ci jdk.graal.compiler jdk.graal.compiler.management jdk.hotspot.agent jdk.httpserver jdk.incubator.vector jdk.internal.le jdk.internal.md jdk.jartool jdk.javadoc jdk.jcmd jdk.management jdk.management.agent jdk.jconsole jdk.jdeps jdk.jdwp.agent jdk.jdi jdk.jfr jdk.jlink jdk.jpackage jdk.jshell jdk.jstatd jdk.localedata jdk.management.jfr jdk.naming.dns jdk.naming.rmi jdk.net jdk.nio.mapmode jdk.sctp jdk.security.auth jdk.security.jgss jdk.unsupported jdk.unsupported.desktop jdk.xml.dom" 
OS_ARCH="x86_64" 
OS_NAME="Windows" 
SOURCE=".:git:4408cd2a07a1" 

Environment Variables:
JAVA_HOME=C:\Program Files\Microsoft\jdk-11.0.30.7-hotspot\
PATH=C:\Program Files\Microsoft\jdk-11.0.30.7-hotspot\bin;C:\Program Files\Common Files\Oracle\Java\javapath;C:\WINDOWS\system32;C:\WINDOWS;C:\WINDOWS\System32\Wbem;C:\WINDOWS\System32\WindowsPowerShell\v1.0\;C:\WINDOWS\System32\OpenSSH\;C:\Program Files\Git\cmd;C:\Users\yashjain\AppData\Local\nvm;C:\nvm4w\nodejs;C:\Program Files\Amazon\AWSCLIV2\;C:\Program Files\MySQL\MySQL Shell 8.0\bin\;C:\Users\yashjain\AppData\Local\Programs\Python\Python313\Scripts\;C:\Users\yashjain\AppData\Local\Programs\Python\Python313\;C:\Users\yashjain\AppData\Local\Microsoft\WindowsApps;C:\Users\yashjain\AppData\Local\Programs\Microsoft VS Code\bin;C:\Users\yashjain\AppData\Local\nvm;C:\nvm4w\nodejs;C:\Users\yashjain\AppData\Local\Programs\mongosh\;C:\Users\yashjain\AppData\Local\Programs\cursor\resources\app\bin;C:\Program Files\Apache\Maven\apache-maven-3.9.14\bin;C:\Program Files\Microsoft\jdk-11.0.30.7-hotspot\\bin
USERNAME=yashjain
OS=Windows_NT
PROCESSOR_IDENTIFIER=Intel64 Family 6 Model 126 Stepping 5, GenuineIntel
TMP=C:\Users\yashjain\AppData\Local\Temp
TEMP=C:\Users\yashjain\AppData\Local\Temp




Compilation memory statistics disabled.

Periodic native trim disabled

---------------  S Y S T E M  ---------------

OS:
 Windows 11 , 64 bit Build 26100 (10.0.26100.7705)
OS uptime: 0 days 0:26 hours

CPU: total 8 (initial active 8) (4 cores per cpu, 2 threads per core) family 6 model 126 stepping 5 microcode 0xb8, cx8, cmov, fxsr, ht, mmx, 3dnowpref, sse, sse2, sse3, ssse3, sse4.1, sse4.2, popcnt, lzcnt, tsc, tscinvbit, avx, avx2, aes, erms, clmul, bmi1, bmi2, adx, avx512f, avx512dq, avx512cd, avx512bw, avx512vl, sha, fma, vzeroupper, avx512_vpopcntdq, avx512_vpclmulqdq, avx512_vaes, avx512_vnni, clflush, clflushopt, avx512_vbmi2, avx512_vbmi, rdtscp, rdpid, fsrm, gfni, avx512_bitalg, f16c, pku, avx512_ifma
Processor Information for the first 8 processors :
  Max Mhz: 1190, Current Mhz: 991, Mhz Limit: 987

Memory: 4k page, system-wide physical 20217M (9753M free)
TotalPageFile size 21497M (AvailPageFile size 10123M)
current process WorkingSet (physical memory assigned to process): 188M, peak: 188M
current process commit charge ("private bytes"): 224M, peak: 224M

vm_info: OpenJDK 64-Bit Server VM (26+35-2893) for windows-amd64 JRE (26+35-2893), built on 2026-02-12T17:04:02Z with MS VC++ 17.13 (VS2022)

END.
